APP/Permissions_PodPlay/app/build/intermediates/manifest_merge_blame_file/debug/manifest-merger-blame-debug-report.txt
1<?xml version="1.0" encoding="utf-8"?>
2<manifest xmlns:android="http://schemas.android.com/apk/res/android"
3    package="com.raywenderlich.podplay3"
4    android:versionCode="1"
5    android:versionName="1.0" >
6
7    <uses-sdk
8        android:minSdkVersion="23"
8-->src/main/AndroidManifest.xml
9        android:targetSdkVersion="31" />
9-->src/main/AndroidManifest.xml
10    <!-- Required for foreground services on P+. -->
11    <uses-permission android:name="android.permission.FOREGROUND_SERVICE" />
11-->src/main/AndroidManifest.xml:5:3-74
11-->src/main/AndroidManifest.xml:5:20-72
12
13    <!-- Specify permissions you are using. -->
14    <uses-permission android:name="android.permission.INTERNET" />
14-->src/main/AndroidManifest.xml:8:3-64
14-->src/main/AndroidManifest.xml:8:20-62
15    <uses-permission android:name="android.permission.WAKE_LOCK" />
15-->src/main/AndroidManifest.xml:9:3-65
15-->src/main/AndroidManifest.xml:9:20-63
16    <uses-permission android:name="android.permission.ACCESS_COARSE_LOCATION" />
16-->src/main/AndroidManifest.xml:10:3-79
16-->src/main/AndroidManifest.xml:10:20-76
17    <uses-permission android:name="android.permission.ACCESS_NETWORK_STATE" />
17-->[androidx.work:work-runtime:2.7.1] AndroidManifest.xml:26:5-79
17-->[androidx.work:work-runtime:2.7.1] AndroidManifest.xml:26:22-76
18    <uses-permission android:name="android.permission.RECEIVE_BOOT_COMPLETED" />
18-->[androidx.work:work-runtime:2.7.1] AndroidManifest.xml:27:5-81
18-->[androidx.work:work-runtime:2.7.1] AndroidManifest.xml:27:22-78
19
20    <application
20-->src/main/AndroidManifest.xml:12:3-52:17
21        android:allowBackup="true"
21-->src/main/AndroidManifest.xml:13:7-33
22        android:appComponentFactory="androidx.core.app.CoreComponentFactory"
22-->[androidx.core:core:1.7.0] AndroidManifest.xml:24:18-86
23        android:debuggable="true"
24        android:extractNativeLibs="false"
25        android:icon="@mipmap/ic_launcher"
25-->src/main/AndroidManifest.xml:14:7-41
26        android:label="@string/app_name"
26-->src/main/AndroidManifest.xml:15:7-39
27        android:roundIcon="@mipmap/ic_launcher_round"
27-->src/main/AndroidManifest.xml:16:7-52
28        android:supportsRtl="true"
28-->src/main/AndroidManifest.xml:17:7-33
29        android:testOnly="true"
30        android:theme="@style/AppTheme"
30-->src/main/AndroidManifest.xml:18:7-38
31        android:usesCleartextTraffic="true" >
31-->src/main/AndroidManifest.xml:19:7-42
32        <activity
32-->src/main/AndroidManifest.xml:21:5-35:16
33            android:name="com.raywenderlich.podplay.ui.PodcastActivity"
33-->src/main/AndroidManifest.xml:21:15-49
34            android:exported="true"
34-->src/main/AndroidManifest.xml:24:9-32
35            android:launchMode="singleTop"
35-->src/main/AndroidManifest.xml:22:9-39
36            android:theme="@style/AppTheme.NoActionBar" >
36-->src/main/AndroidManifest.xml:23:9-52
37            <intent-filter>
37-->src/main/AndroidManifest.xml:26:7-30:23
38                <action android:name="android.intent.action.MAIN" />
38-->src/main/AndroidManifest.xml:27:9-60
38-->src/main/AndroidManifest.xml:27:17-58
39                <action android:name="android.intent.action.SEARCH" />
39-->src/main/AndroidManifest.xml:28:9-62
39-->src/main/AndroidManifest.xml:28:17-60
40
41                <category android:name="android.intent.category.LAUNCHER" />
41-->src/main/AndroidManifest.xml:29:9-68
41-->src/main/AndroidManifest.xml:29:19-66
42            </intent-filter>
43
44            <meta-data
44-->src/main/AndroidManifest.xml:32:7-33:46
45                android:name="android.app.searchable"
45-->src/main/AndroidManifest.xml:32:18-55
46                android:resource="@xml/searchable" />
46-->src/main/AndroidManifest.xml:33:9-43
47        </activity>
48
49        <service
49-->src/main/AndroidManifest.xml:37:5-42:15
50            android:name="com.raywenderlich.podplay.service.PodplayMediaService"
50-->src/main/AndroidManifest.xml:37:14-57
51            android:exported="false" >
51-->src/main/AndroidManifest.xml:38:9-33
52            <intent-filter>
52-->src/main/AndroidManifest.xml:39:7-41:23
53                <action android:name="android.media.browse.MediaBrowserService" />
53-->src/main/AndroidManifest.xml:40:9-75
53-->src/main/AndroidManifest.xml:40:17-72
54            </intent-filter>
55        </service>
56
57        <receiver
57-->src/main/AndroidManifest.xml:44:5-50:16
58            android:name="androidx.media.session.MediaButtonReceiver"
58-->src/main/AndroidManifest.xml:45:9-66
59            android:exported="false" >
59-->src/main/AndroidManifest.xml:46:9-33
60            <intent-filter>
60-->src/main/AndroidManifest.xml:47:7-49:23
61                <action android:name="android.intent.action.MEDIA_BUTTON" />
61-->src/main/AndroidManifest.xml:48:9-69
61-->src/main/AndroidManifest.xml:48:17-66
62            </intent-filter>
63        </receiver>
64
65        <activity
65-->[com.google.android.gms:play-services-base:18.0.1] AndroidManifest.xml:20:9-22:45
66            android:name="com.google.android.gms.common.api.GoogleApiActivity"
66-->[com.google.android.gms:play-services-base:18.0.1] AndroidManifest.xml:20:19-85
67            android:exported="false"
67-->[com.google.android.gms:play-services-base:18.0.1] AndroidManifest.xml:22:19-43
68            android:theme="@android:style/Theme.Translucent.NoTitleBar" />
68-->[com.google.android.gms:play-services-base:18.0.1] AndroidManifest.xml:21:19-78
69
70        <meta-data
70-->[com.google.android.gms:play-services-basement:18.0.0] AndroidManifest.xml:21:9-23:69
71            android:name="com.google.android.gms.version"
71-->[com.google.android.gms:play-services-basement:18.0.0] AndroidManifest.xml:22:13-58
72            android:value="@integer/google_play_services_version" />
72-->[com.google.android.gms:play-services-basement:18.0.0] AndroidManifest.xml:23:13-66
73
74        <provider
74-->[androidx.work:work-runtime:2.7.1] AndroidManifest.xml:31:9-39:20
75            android:name="androidx.startup.InitializationProvider"
75-->[androidx.work:work-runtime:2.7.1] AndroidManifest.xml:32:13-67
76            android:authorities="com.raywenderlich.podplay3.androidx-startup"
76-->[androidx.work:work-runtime:2.7.1] AndroidManifest.xml:33:13-68
77            android:exported="false" >
77-->[androidx.work:work-runtime:2.7.1] AndroidManifest.xml:34:13-37
78            <meta-data
78-->[androidx.work:work-runtime:2.7.1] AndroidManifest.xml:36:13-38:52
79                android:name="androidx.work.WorkManagerInitializer"
79-->[androidx.work:work-runtime:2.7.1] AndroidManifest.xml:37:17-68
80                android:value="androidx.startup" />
80-->[androidx.work:work-runtime:2.7.1] AndroidManifest.xml:38:17-49
81            <meta-data
81-->[androidx.emoji2:emoji2:1.0.0] AndroidManifest.xml:31:13-33:52
82                android:name="androidx.emoji2.text.EmojiCompatInitializer"
82-->[androidx.emoji2:emoji2:1.0.0] AndroidManifest.xml:32:17-75
83                android:value="androidx.startup" />
83-->[androidx.emoji2:emoji2:1.0.0] AndroidManifest.xml:33:17-49
84            <meta-data
84-->[androidx.lifecycle:lifecycle-process:2.4.0] AndroidManifest.xml:31:13-33:52
85                android:name="androidx.lifecycle.ProcessLifecycleInitializer"
85-->[androidx.lifecycle:lifecycle-process:2.4.0] AndroidManifest.xml:32:17-78
86                android:value="androidx.startup" />
86-->[androidx.lifecycle:lifecycle-process:2.4.0] AndroidManifest.xml:33:17-49
87        </provider>
88
89        <service
89-->[androidx.work:work-runtime:2.7.1] AndroidManifest.xml:41:9-46:35
90            android:name="androidx.work.impl.background.systemalarm.SystemAlarmService"
90-->[androidx.work:work-runtime:2.7.1] AndroidManifest.xml:42:13-88
91            android:directBootAware="false"
91-->[androidx.work:work-runtime:2.7.1] AndroidManifest.xml:43:13-44
92            android:enabled="@bool/enable_system_alarm_service_default"
92-->[androidx.work:work-runtime:2.7.1] AndroidManifest.xml:44:13-72
93            android:exported="false" />
93-->[androidx.work:work-runtime:2.7.1] AndroidManifest.xml:45:13-37
94        <service
94-->[androidx.work:work-runtime:2.7.1] AndroidManifest.xml:47:9-53:35
95            android:name="androidx.work.impl.background.systemjob.SystemJobService"
95-->[androidx.work:work-runtime:2.7.1] AndroidManifest.xml:48:13-84
96            android:directBootAware="false"
96-->[androidx.work:work-runtime:2.7.1] AndroidManifest.xml:49:13-44
97            android:enabled="@bool/enable_system_job_service_default"
97-->[androidx.work:work-runtime:2.7.1] AndroidManifest.xml:50:13-70
98            android:exported="true"
98-->[androidx.work:work-runtime:2.7.1] AndroidManifest.xml:51:13-36
99            android:permission="android.permission.BIND_JOB_SERVICE" />
99-->[androidx.work:work-runtime:2.7.1] AndroidManifest.xml:52:13-69
100        <service
100-->[androidx.work:work-runtime:2.7.1] AndroidManifest.xml:54:9-59:35
101            android:name="androidx.work.impl.foreground.SystemForegroundService"
101-->[androidx.work:work-runtime:2.7.1] AndroidManifest.xml:55:13-81
102            android:directBootAware="false"
102-->[androidx.work:work-runtime:2.7.1] AndroidManifest.xml:56:13-44
103            android:enabled="@bool/enable_system_foreground_service_default"
103-->[androidx.work:work-runtime:2.7.1] AndroidManifest.xml:57:13-77
104            android:exported="false" />
104-->[androidx.work:work-runtime:2.7.1] AndroidManifest.xml:58:13-37
105
106        <receiver
106-->[androidx.work:work-runtime:2.7.1] AndroidManifest.xml:61:9-66:35
107            android:name="androidx.work.impl.utils.ForceStopRunnable$BroadcastReceiver"
107-->[androidx.work:work-runtime:2.7.1] AndroidManifest.xml:62:13-88
108            android:directBootAware="false"
108-->[androidx.work:work-runtime:2.7.1] AndroidManifest.xml:63:13-44
109            android:enabled="true"
109-->[androidx.work:work-runtime:2.7.1] AndroidManifest.xml:64:13-35
110            android:exported="false" />
110-->[androidx.work:work-runtime:2.7.1] AndroidManifest.xml:65:13-37
111        <receiver
111-->[androidx.work:work-runtime:2.7.1] AndroidManifest.xml:67:9-77:20
112            android:name="androidx.work.impl.background.systemalarm.ConstraintProxy$BatteryChargingProxy"
112-->[androidx.work:work-runtime:2.7.1] AndroidManifest.xml:68:13-106
113            android:directBootAware="false"
113-->[androidx.work:work-runtime:2.7.1] AndroidManifest.xml:69:13-44
114            android:enabled="false"
114-->[androidx.work:work-runtime:2.7.1] AndroidManifest.xml:70:13-36
115            android:exported="false" >
115-->[androidx.work:work-runtime:2.7.1] AndroidManifest.xml:71:13-37
116            <intent-filter>
116-->[androidx.work:work-runtime:2.7.1] AndroidManifest.xml:73:13-76:29
117                <action android:name="android.intent.action.ACTION_POWER_CONNECTED" />
117-->[androidx.work:work-runtime:2.7.1] AndroidManifest.xml:74:17-87
117-->[androidx.work:work-runtime:2.7.1] AndroidManifest.xml:74:25-84
118                <action android:name="android.intent.action.ACTION_POWER_DISCONNECTED" />
118-->[androidx.work:work-runtime:2.7.1] AndroidManifest.xml:75:17-90
118-->[androidx.work:work-runtime:2.7.1] AndroidManifest.xml:75:25-87
119            </intent-filter>
120        </receiver>
121        <receiver
121-->[androidx.work:work-runtime:2.7.1] AndroidManifest.xml:78:9-88:20
122            android:name="androidx.work.impl.background.systemalarm.ConstraintProxy$BatteryNotLowProxy"
122-->[androidx.work:work-runtime:2.7.1] AndroidManifest.xml:79:13-104
123            android:directBootAware="false"
123-->[androidx.work:work-runtime:2.7.1] AndroidManifest.xml:80:13-44
124            android:enabled="false"
124-->[androidx.work:work-runtime:2.7.1] AndroidManifest.xml:81:13-36
125            android:exported="false" >
125-->[androidx.work:work-runtime:2.7.1] AndroidManifest.xml:82:13-37
126            <intent-filter>
126-->[androidx.work:work-runtime:2.7.1] AndroidManifest.xml:84:13-87:29
127                <action android:name="android.intent.action.BATTERY_OKAY" />
127-->[androidx.work:work-runtime:2.7.1] AndroidManifest.xml:85:17-77
127-->[androidx.work:work-runtime:2.7.1] AndroidManifest.xml:85:25-74
128                <action android:name="android.intent.action.BATTERY_LOW" />
128-->[androidx.work:work-runtime:2.7.1] AndroidManifest.xml:86:17-76
128-->[androidx.work:work-runtime:2.7.1] AndroidManifest.xml:86:25-73
129            </intent-filter>
130        </receiver>
131        <receiver
131-->[androidx.work:work-runtime:2.7.1] AndroidManifest.xml:89:9-99:20
132            android:name="androidx.work.impl.background.systemalarm.ConstraintProxy$StorageNotLowProxy"
132-->[androidx.work:work-runtime:2.7.1] AndroidManifest.xml:90:13-104
133            android:directBootAware="false"
133-->[androidx.work:work-runtime:2.7.1] AndroidManifest.xml:91:13-44
134            android:enabled="false"
134-->[androidx.work:work-runtime:2.7.1] AndroidManifest.xml:92:13-36
135            android:exported="false" >
135-->[androidx.work:work-runtime:2.7.1] AndroidManifest.xml:93:13-37
136            <intent-filter>
136-->[androidx.work:work-runtime:2.7.1] AndroidManifest.xml:95:13-98:29
137                <action android:name="android.intent.action.DEVICE_STORAGE_LOW" />
137-->[androidx.work:work-runtime:2.7.1] AndroidManifest.xml:96:17-83
137-->[androidx.work:work-runtime:2.7.1] AndroidManifest.xml:96:25-80
138                <action android:name="android.intent.action.DEVICE_STORAGE_OK" />
138-->[androidx.work:work-runtime:2.7.1] AndroidManifest.xml:97:17-82
138-->[androidx.work:work-runtime:2.7.1] AndroidManifest.xml:97:25-79
139            </intent-filter>
140        </receiver>
141        <receiver
141-->[androidx.work:work-runtime:2.7.1] AndroidManifest.xml:100:9-109:20
142            android:name="androidx.work.impl.background.systemalarm.ConstraintProxy$NetworkStateProxy"
142-->[androidx.work:work-runtime:2.7.1] AndroidManifest.xml:101:13-103
143            android:directBootAware="false"
143-->[androidx.work:work-runtime:2.7.1] AndroidManifest.xml:102:13-44
144            android:enabled="false"
144-->[androidx.work:work-runtime:2.7.1] AndroidManifest.xml:103:13-36
145            android:exported="false" >
145-->[androidx.work:work-runtime:2.7.1] AndroidManifest.xml:104:13-37
146            <intent-filter>
146-->[androidx.work:work-runtime:2.7.1] AndroidManifest.xml:106:13-108:29
147                <action android:name="android.net.conn.CONNECTIVITY_CHANGE" />
147-->[androidx.work:work-runtime:2.7.1] AndroidManifest.xml:107:17-79
147-->[androidx.work:work-runtime:2.7.1] AndroidManifest.xml:107:25-76
148            </intent-filter>
149        </receiver>
150        <receiver
150-->[androidx.work:work-runtime:2.7.1] AndroidManifest.xml:110:9-121:20
151            android:name="androidx.work.impl.background.systemalarm.RescheduleReceiver"
151-->[androidx.work:work-runtime:2.7.1] AndroidManifest.xml:111:13-88
152            android:directBootAware="false"
152-->[androidx.work:work-runtime:2.7.1] AndroidManifest.xml:112:13-44
153            android:enabled="false"
153-->[androidx.work:work-runtime:2.7.1] AndroidManifest.xml:113:13-36
154            android:exported="false" >
154-->[androidx.work:work-runtime:2.7.1] AndroidManifest.xml:114:13-37
155            <intent-filter>
155-->[androidx.work:work-runtime:2.7.1] AndroidManifest.xml:116:13-120:29
156                <action android:name="android.intent.action.BOOT_COMPLETED" />
156-->[androidx.work:work-runtime:2.7.1] AndroidManifest.xml:117:17-79
156-->[androidx.work:work-runtime:2.7.1] AndroidManifest.xml:117:25-76
157                <action android:name="android.intent.action.TIME_SET" />
157-->[androidx.work:work-runtime:2.7.1] AndroidManifest.xml:118:17-73
157-->[androidx.work:work-runtime:2.7.1] AndroidManifest.xml:118:25-70
158                <action android:name="android.intent.action.TIMEZONE_CHANGED" />
158-->[androidx.work:work-runtime:2.7.1] AndroidManifest.xml:119:17-81
158-->[androidx.work:work-runtime:2.7.1] AndroidManifest.xml:119:25-78
159            </intent-filter>
160        </receiver>
161        <receiver
161-->[androidx.work:work-runtime:2.7.1] AndroidManifest.xml:122:9-131:20
162            android:name="androidx.work.impl.background.systemalarm.ConstraintProxyUpdateReceiver"
162-->[androidx.work:work-runtime:2.7.1] AndroidManifest.xml:123:13-99
163            android:directBootAware="false"
163-->[androidx.work:work-runtime:2.7.1] AndroidManifest.xml:124:13-44
164            android:enabled="@bool/enable_system_alarm_service_default"
164-->[androidx.work:work-runtime:2.7.1] AndroidManifest.xml:125:13-72
165            android:exported="false" >
165-->[androidx.work:work-runtime:2.7.1] AndroidManifest.xml:126:13-37
166            <intent-filter>
166-->[androidx.work:work-runtime:2.7.1] AndroidManifest.xml:128:13-130:29
167                <action android:name="androidx.work.impl.background.systemalarm.UpdateProxies" />
167-->[androidx.work:work-runtime:2.7.1] AndroidManifest.xml:129:17-98
167-->[androidx.work:work-runtime:2.7.1] AndroidManifest.xml:129:25-95
168            </intent-filter>
169        </receiver>
170        <receiver
170-->[androidx.work:work-runtime:2.7.1] AndroidManifest.xml:132:9-142:20
171            android:name="androidx.work.impl.diagnostics.DiagnosticsReceiver"
171-->[androidx.work:work-runtime:2.7.1] AndroidManifest.xml:133:13-78
172            android:directBootAware="false"
172-->[androidx.work:work-runtime:2.7.1] AndroidManifest.xml:134:13-44
173            android:enabled="true"
173-->[androidx.work:work-runtime:2.7.1] AndroidManifest.xml:135:13-35
174            android:exported="true"
174-->[androidx.work:work-runtime:2.7.1] AndroidManifest.xml:136:13-36
175            android:permission="android.permission.DUMP" >
175-->[androidx.work:work-runtime:2.7.1] AndroidManifest.xml:137:13-57
176            <intent-filter>
176-->[androidx.work:work-runtime:2.7.1] AndroidManifest.xml:139:13-141:29
177                <action android:name="androidx.work.diagnostics.REQUEST_DIAGNOSTICS" />
177-->[androidx.work:work-runtime:2.7.1] AndroidManifest.xml:140:17-88
177-->[androidx.work:work-runtime:2.7.1] AndroidManifest.xml:140:25-85
178            </intent-filter>
179        </receiver>
180
181        <service
181-->[androidx.room:room-runtime:2.4.2] AndroidManifest.xml:25:9-28:40
182            android:name="androidx.room.MultiInstanceInvalidationService"
182-->[androidx.room:room-runtime:2.4.2] AndroidManifest.xml:26:13-74
183            android:directBootAware="true"
183-->[androidx.room:room-runtime:2.4.2] AndroidManifest.xml:27:13-43
184            android:exported="false" />
184-->[androidx.room:room-runtime:2.4.2] AndroidManifest.xml:28:13-37
185    </application>
186
187</manifest>